2025-02-09 01:26:31,678 - INFO - Starting data extraction process
2025-02-09 01:26:31,737 - INFO - Access token fetched successfully
2025-02-09 01:26:38,398 - INFO - Vald has been processed
2025-02-09 01:26:41,547 - WARNING - Hamza | Limit exceeded : waiting for 2*1s
2025-02-09 01:26:47,011 - INFO - Hamza has been processed
2025-02-09 01:26:48,602 - INFO - Green Montana has been processed
2025-02-09 01:26:48,661 - INFO - Data extraction process completed
2025-02-09 01:26:48,662 - INFO - Starting data transformation process
2025-02-09 01:26:49,125 - INFO - Artists dataframe created
2025-02-09 01:26:49,219 - INFO - Featurings dataframe created
2025-02-09 01:26:59,069 - INFO - Artists_Featurings dataframe created
2025-02-09 01:26:59,070 - INFO - Data transformation process completed
2025-02-09 01:26:59,071 - INFO - Starting data loading process
2025-02-09 01:26:59,162 - INFO - Connected to MySQL Host
2025-02-09 01:26:59,185 - INFO - Database spotify_data created
2025-02-09 01:26:59,242 - INFO - Table artists created
2025-02-09 01:26:59,299 - INFO - Table featurings created
2025-02-09 01:26:59,380 - INFO - Table artist_featurings created
2025-02-09 01:27:05,274 - INFO - Data inserted into artists table
2025-02-09 01:27:08,496 - INFO - Data inserted into featurings table
2025-02-09 01:27:17,540 - INFO - Data inserted into artist_featurings table
2025-02-09 01:27:17,540 - INFO - Data loading process finished
2025-02-09 01:27:18,463 - INFO - Closing down clientserver connection
2025-02-09 21:28:17,958 - INFO - package: mysql.connector.plugins
2025-02-09 21:28:17,959 - INFO - plugin_name: mysql_native_password
2025-02-09 21:28:17,960 - INFO - AUTHENTICATION_PLUGIN_CLASS: MySQLNativePasswordAuthPlugin
2025-02-09 21:28:17,966 - INFO - Connected to MySQL Host
2025-02-09 21:30:35,667 - INFO - package: mysql.connector.plugins
2025-02-09 21:30:35,667 - INFO - plugin_name: mysql_native_password
2025-02-09 21:30:35,668 - INFO - AUTHENTICATION_PLUGIN_CLASS: MySQLNativePasswordAuthPlugin
2025-02-09 21:30:35,672 - INFO - Connected to MySQL Host
2025-02-09 21:32:21,008 - INFO - package: mysql.connector.plugins
2025-02-09 21:32:21,009 - INFO - plugin_name: mysql_native_password
2025-02-09 21:32:21,010 - INFO - AUTHENTICATION_PLUGIN_CLASS: MySQLNativePasswordAuthPlugin
2025-02-09 21:32:21,014 - INFO - Connected to MySQL Host
2025-02-09 21:33:44,681 - INFO - package: mysql.connector.plugins
2025-02-09 21:33:44,681 - INFO - plugin_name: mysql_native_password
2025-02-09 21:33:44,682 - INFO - AUTHENTICATION_PLUGIN_CLASS: MySQLNativePasswordAuthPlugin
2025-02-09 21:33:44,686 - INFO - Connected to MySQL Host
2025-02-09 21:34:48,252 - INFO - package: mysql.connector.plugins
2025-02-09 21:34:48,252 - INFO - plugin_name: mysql_native_password
2025-02-09 21:34:48,253 - INFO - AUTHENTICATION_PLUGIN_CLASS: MySQLNativePasswordAuthPlugin
2025-02-09 21:34:48,257 - INFO - Connected to MySQL Host
2025-02-09 21:35:57,046 - INFO - package: mysql.connector.plugins
2025-02-09 21:35:57,046 - INFO - plugin_name: mysql_native_password
2025-02-09 21:35:57,047 - INFO - AUTHENTICATION_PLUGIN_CLASS: MySQLNativePasswordAuthPlugin
2025-02-09 21:35:57,051 - INFO - Connected to MySQL Host
2025-02-09 21:36:05,463 - INFO - package: mysql.connector.plugins
2025-02-09 21:36:05,463 - INFO - plugin_name: mysql_native_password
2025-02-09 21:36:05,465 - INFO - AUTHENTICATION_PLUGIN_CLASS: MySQLNativePasswordAuthPlugin
2025-02-09 21:36:05,470 - INFO - Connected to MySQL Host
2025-02-09 21:36:11,360 - INFO - package: mysql.connector.plugins
2025-02-09 21:36:11,361 - INFO - plugin_name: mysql_native_password
2025-02-09 21:36:11,361 - INFO - AUTHENTICATION_PLUGIN_CLASS: MySQLNativePasswordAuthPlugin
2025-02-09 21:36:11,366 - INFO - Connected to MySQL Host
2025-02-09 21:36:34,330 - INFO - package: mysql.connector.plugins
2025-02-09 21:36:34,331 - INFO - plugin_name: mysql_native_password
2025-02-09 21:36:34,331 - INFO - AUTHENTICATION_PLUGIN_CLASS: MySQLNativePasswordAuthPlugin
2025-02-09 21:36:34,336 - INFO - Connected to MySQL Host
2025-02-09 21:43:10,609 - INFO - package: mysql.connector.plugins
2025-02-09 21:43:10,610 - INFO - plugin_name: mysql_native_password
2025-02-09 21:43:10,611 - INFO - AUTHENTICATION_PLUGIN_CLASS: MySQLNativePasswordAuthPlugin
2025-02-09 21:43:10,616 - INFO - Connected to MySQL Host
2025-02-09 21:43:18,266 - INFO - Closing down clientserver connection
2025-02-09 21:44:16,057 - INFO - package: mysql.connector.plugins
2025-02-09 21:44:16,057 - INFO - plugin_name: mysql_native_password
2025-02-09 21:44:16,058 - INFO - AUTHENTICATION_PLUGIN_CLASS: MySQLNativePasswordAuthPlugin
2025-02-09 21:44:16,063 - INFO - Connected to MySQL Host
2025-02-09 21:44:23,640 - INFO - Closing down clientserver connection
2025-02-09 21:50:25,836 - INFO - Connected to MySQL Host
2025-02-09 21:53:40,612 - INFO - package: mysql.connector.plugins
2025-02-09 21:53:40,613 - INFO - plugin_name: mysql_native_password
2025-02-09 21:53:40,614 - INFO - AUTHENTICATION_PLUGIN_CLASS: MySQLNativePasswordAuthPlugin
2025-02-09 21:53:40,619 - INFO - Connected to MySQL Host
2025-02-09 21:53:48,272 - INFO - Closing down clientserver connection
2025-02-09 21:56:21,869 - INFO - package: mysql.connector.plugins
2025-02-09 21:56:21,870 - INFO - plugin_name: mysql_native_password
2025-02-09 21:56:21,870 - INFO - AUTHENTICATION_PLUGIN_CLASS: MySQLNativePasswordAuthPlugin
2025-02-09 21:56:21,875 - INFO - Connected to MySQL Host
2025-02-09 21:56:29,454 - INFO - Closing down clientserver connection
2025-02-09 21:59:48,989 - INFO - package: mysql.connector.plugins
2025-02-09 21:59:48,990 - INFO - plugin_name: mysql_native_password
2025-02-09 21:59:48,991 - INFO - AUTHENTICATION_PLUGIN_CLASS: MySQLNativePasswordAuthPlugin
2025-02-09 21:59:48,996 - INFO - Connected to MySQL Host
2025-02-09 21:59:55,633 - INFO - Closing down clientserver connection
2025-02-09 22:03:11,062 - INFO - package: mysql.connector.plugins
2025-02-09 22:03:11,063 - INFO - plugin_name: mysql_native_password
2025-02-09 22:03:11,064 - INFO - AUTHENTICATION_PLUGIN_CLASS: MySQLNativePasswordAuthPlugin
2025-02-09 22:03:11,069 - INFO - Connected to MySQL Host
2025-02-09 22:03:17,675 - INFO - Closing down clientserver connection
2025-02-09 22:04:11,655 - INFO - package: mysql.connector.plugins
2025-02-09 22:04:11,656 - INFO - plugin_name: mysql_native_password
2025-02-09 22:04:11,656 - INFO - AUTHENTICATION_PLUGIN_CLASS: MySQLNativePasswordAuthPlugin
2025-02-09 22:04:11,661 - INFO - Connected to MySQL Host
2025-02-09 22:04:18,285 - INFO - Closing down clientserver connection
2025-02-09 22:13:32,147 - INFO - package: mysql.connector.plugins
2025-02-09 22:13:32,148 - INFO - plugin_name: mysql_native_password
2025-02-09 22:13:32,148 - INFO - AUTHENTICATION_PLUGIN_CLASS: MySQLNativePasswordAuthPlugin
2025-02-09 22:13:32,154 - INFO - Connected to MySQL Host
2025-02-09 22:13:38,006 - INFO - Closing down clientserver connection
2025-02-09 22:15:34,637 - INFO - package: mysql.connector.plugins
2025-02-09 22:15:34,638 - INFO - plugin_name: mysql_native_password
2025-02-09 22:15:34,639 - INFO - AUTHENTICATION_PLUGIN_CLASS: MySQLNativePasswordAuthPlugin
2025-02-09 22:15:34,644 - INFO - Connected to MySQL Host
2025-02-09 22:15:40,620 - INFO - Closing down clientserver connection
2025-02-09 22:16:13,981 - INFO - package: mysql.connector.plugins
2025-02-09 22:16:13,982 - INFO - plugin_name: mysql_native_password
2025-02-09 22:16:13,983 - INFO - AUTHENTICATION_PLUGIN_CLASS: MySQLNativePasswordAuthPlugin
2025-02-09 22:16:13,989 - INFO - Connected to MySQL Host
2025-02-09 22:16:20,162 - INFO - Closing down clientserver connection
2025-02-09 22:17:26,450 - INFO - package: mysql.connector.plugins
2025-02-09 22:17:26,451 - INFO - plugin_name: mysql_native_password
2025-02-09 22:17:26,452 - INFO - AUTHENTICATION_PLUGIN_CLASS: MySQLNativePasswordAuthPlugin
2025-02-09 22:17:26,457 - INFO - Connected to MySQL Host
2025-02-09 22:17:28,591 - INFO - Closing down clientserver connection
2025-02-09 22:19:44,497 - INFO - package: mysql.connector.plugins
2025-02-09 22:19:44,498 - INFO - plugin_name: mysql_native_password
2025-02-09 22:19:44,499 - INFO - AUTHENTICATION_PLUGIN_CLASS: MySQLNativePasswordAuthPlugin
2025-02-09 22:19:44,504 - INFO - Connected to MySQL Host
2025-02-09 22:19:51,138 - INFO - Closing down clientserver connection
