2025-03-12 04:36:01,962 - INFO - Starting data extraction process
2025-03-12 04:36:21,986 - ERROR - Error while fetching access token: HTTPSConnectionPool(host='accounts.spotify.com', port=443): Max retries exceeded with url: /api/token (Caused by NameResolutionError("<urllib3.connection.HTTPSConnection object at 0x7815c8a28490>: Failed to resolve 'accounts.spotify.com' ([Errno -3] Temporary failure in name resolution)"))
2025-03-12 04:36:21,986 - ERROR - Error : HTTPSConnectionPool(host='accounts.spotify.com', port=443): Max retries exceeded with url: /api/token (Caused by NameResolutionError("<urllib3.connection.HTTPSConnection object at 0x7815c8a28490>: Failed to resolve 'accounts.spotify.com' ([Errno -3] Temporary failure in name resolution)"))
2025-03-12 04:38:58,144 - INFO - Starting data extraction process
2025-03-12 04:38:58,266 - INFO - Access token fetched successfully
2025-03-12 04:45:56,169 - INFO - Closing down clientserver connection
2025-03-12 12:25:24,166 - INFO - Starting data extraction process
2025-03-12 12:25:24,291 - INFO - Access token fetched successfully
2025-03-12 12:26:39,193 - INFO - Closing down clientserver connection
2025-03-12 12:27:31,540 - INFO - Starting data extraction process
2025-03-12 12:27:31,658 - INFO - Access token fetched successfully
2025-03-12 13:08:33,847 - INFO - Closing down clientserver connection
2025-03-12 13:08:39,485 - INFO - Starting data extraction process
2025-03-12 13:08:39,622 - INFO - Access token fetched successfully
2025-03-12 14:51:20,090 - INFO - Closing down clientserver connection
2025-03-12 14:51:26,327 - INFO - Starting data extraction process
2025-03-12 14:51:26,456 - INFO - Access token fetched successfully
2025-03-12 15:21:13,410 - INFO - Closing down clientserver connection
2025-03-12 15:21:17,487 - INFO - Starting data extraction process
2025-03-12 15:21:17,598 - INFO - Access token fetched successfully
2025-03-12 15:23:03,327 - INFO - Closing down clientserver connection
2025-03-12 15:23:49,041 - INFO - Starting data extraction process
2025-03-12 15:23:49,161 - INFO - Access token fetched successfully
2025-03-12 15:24:07,450 - INFO - Closing down clientserver connection
2025-03-12 15:24:15,117 - INFO - Starting data extraction process
2025-03-12 15:24:15,233 - INFO - Access token fetched successfully
2025-03-12 15:24:28,541 - INFO - Closing down clientserver connection
2025-03-12 15:32:28,034 - INFO - Starting data extraction process
2025-03-12 15:32:28,153 - INFO - Access token fetched successfully
2025-03-12 15:33:01,322 - INFO - Vald has been processed
2025-03-12 15:33:15,413 - INFO - Hamza has been processed
2025-03-12 15:33:18,473 - INFO - Green Montana has been processed
2025-03-12 15:33:52,401 - INFO - Jul has been processed
2025-03-12 15:34:00,710 - INFO - La Fève has been processed
2025-03-12 15:34:16,134 - INFO - Booba has been processed
2025-03-12 15:34:24,495 - INFO - Damso has been processed
2025-03-12 15:34:34,268 - INFO - Orelsan has been processed
2025-03-12 15:34:35,271 - INFO - PNL has been processed
2025-03-12 15:34:51,422 - INFO - SCH has been processed
2025-03-12 15:35:04,209 - INFO - Niska has been processed
2025-03-12 15:35:15,984 - INFO - Heuss L'enfoiré has been processed
2025-03-12 15:35:19,422 - INFO - Kekra has been processed
2025-03-12 15:35:34,077 - INFO - Alpha Wann has been processed
2025-03-12 15:35:36,038 - INFO - Ziak has been processed
2025-03-12 15:35:48,547 - INFO - Gazo has been processed
2025-03-12 15:36:02,443 - INFO - Freeze corleone has been processed
2025-03-12 15:36:23,355 - INFO - Ninho has been processed
2025-03-12 15:36:36,802 - INFO - Nekfeu has been processed
2025-03-12 15:36:48,654 - INFO - Kaaris has been processed
2025-03-12 15:37:23,802 - INFO - Closing down clientserver connection
2025-03-12 15:37:38,127 - INFO - Starting data extraction process
2025-03-12 15:37:38,241 - INFO - Access token fetched successfully
2025-03-12 15:38:28,014 - INFO - Vald has been processed
2025-03-12 15:38:41,087 - INFO - Hamza has been processed
2025-03-12 15:38:44,429 - INFO - Green Montana has been processed
2025-03-12 15:39:17,212 - INFO - Jul has been processed
2025-03-12 15:39:25,476 - INFO - La Fève has been processed
2025-03-12 15:39:40,926 - INFO - Booba has been processed
2025-03-12 15:39:49,035 - INFO - Damso has been processed
2025-03-12 15:39:58,156 - INFO - Orelsan has been processed
2025-03-12 15:39:58,983 - INFO - PNL has been processed
2025-03-12 15:40:15,421 - INFO - SCH has been processed
2025-03-12 15:40:28,358 - INFO - Niska has been processed
2025-03-12 15:40:40,826 - INFO - Heuss L'enfoiré has been processed
2025-03-12 15:40:44,120 - INFO - Kekra has been processed
2025-03-12 15:40:58,675 - INFO - Alpha Wann has been processed
2025-03-12 15:41:00,683 - INFO - Ziak has been processed
2025-03-12 15:41:12,959 - INFO - Gazo has been processed
2025-03-12 15:41:27,400 - INFO - Freeze corleone has been processed
2025-03-12 15:41:48,364 - INFO - Ninho has been processed
2025-03-12 15:42:01,998 - INFO - Nekfeu has been processed
2025-03-12 15:42:13,513 - INFO - Kaaris has been processed
2025-03-12 15:47:59,568 - INFO - Closing down clientserver connection
2025-03-12 15:48:03,899 - ERROR - Error : expected cimpl.TopicPartition
2025-03-12 15:50:01,605 - ERROR - Error : expected cimpl.TopicPartition
2025-03-12 15:50:02,000 - INFO - Closing down clientserver connection
2025-03-12 15:50:31,338 - ERROR - Error : expected cimpl.TopicPartition
2025-03-12 15:50:31,739 - INFO - Closing down clientserver connection
2025-03-12 15:51:32,393 - INFO - Starting data extraction process
2025-03-12 15:51:32,515 - INFO - Access token fetched successfully
2025-03-12 15:51:51,678 - INFO - Vald has been processed
2025-03-12 15:52:23,361 - INFO - Jul has been processed
2025-03-12 15:52:38,710 - INFO - Booba has been processed
2025-03-12 15:52:46,457 - INFO - Damso has been processed
2025-03-12 15:52:58,356 - INFO - Hamza has been processed
2025-03-12 15:53:09,986 - INFO - Kaaris has been processed
2025-03-12 15:53:19,174 - INFO - Orelsan has been processed
2025-03-12 15:53:27,573 - INFO - La Fève has been processed
2025-03-12 15:53:42,952 - INFO - Freeze corleone has been processed
2025-03-12 15:54:00,629 - INFO - SCH has been processed
2025-03-12 15:54:12,604 - INFO - Heuss L'enfoiré has been processed
2025-03-12 15:54:15,524 - INFO - Green Montana has been processed
2025-03-12 15:54:29,194 - INFO - Niska has been processed
2025-03-12 15:54:32,442 - INFO - Kekra has been processed
2025-03-12 15:54:59,021 - INFO - Ninho has been processed
2025-03-12 15:55:11,752 - INFO - Gazo has been processed
2025-03-12 15:55:12,552 - INFO - PNL has been processed
2025-03-12 15:55:28,220 - INFO - Alpha Wann has been processed
2025-03-12 15:55:45,075 - INFO - Nekfeu has been processed
2025-03-12 15:55:48,135 - INFO - Ziak has been processed
2025-03-12 17:29:42,470 - INFO - Starting data extraction process
2025-03-12 17:29:42,601 - INFO - Access token fetched successfully
2025-03-12 17:31:01,827 - ERROR - Error : 'artists'
2025-03-12 17:31:01,980 - INFO - Closing down clientserver connection
2025-03-12 17:31:03,000 - WARNING - Vald | Limit exceeded : waiting for 2*79310s
